<?xml version="1.0" encoding="UTF-8"?>
<!-- Generated by org.testng.reporters.JUnitReportReporter -->
<testsuite hostname="SF-CPU-442" failures="0" tests="1" name="workOverviewIssueAssertion.workOverviewAssertionIssue" time="28.825" errors="0" timestamp="2024-02-27T17:31:59 IST" skipped="0">
  <testcase classname="workOverviewIssueAssertion.workOverviewAssertionIssue" name="creatingIssue" time="28.825"/>
  <system-out/>
</testsuite> <!-- workOverviewIssueAssertion.workOverviewAssertionIssue -->
